<?xml version="1.0" encoding="UTF-8"?>
<!-- Generated by org.testng.reporters.JUnitXMLReporter -->
<testsuite ignored="0" hostname="DESKTOP-FIFHF5E" failures="0" tests="3" name="Default test" time="6.704" errors="0" timestamp="2025-06-15T07:21:32 IST">
  <testcase classname="pageObject.ProductTest" name="verifyProductDetails" time="0.069"/>
  <testcase classname="pageObject.ProductTest" name="testAddToCart" time="0.139"/>
  <testcase classname="pageObject.ProductTest" name="testViewCart" time="3.017"/>
</testsuite> <!-- Default test -->
